Issue with row 72 at 17/03/2022, 12:12:41. Check code in row 199 of update.py
column: team_abbr, db record: DAL, up to date record: CLE
player: Moses Brown
old stats: [73, 1629650, 'Moses', 'Brown', 1610612739, 'DAL', 22, 28, 1, 182, 32, 57, '0.561', 0, 0, '0.000', 27, 43, '0.628', 91, 16, 47, 63, 1, 5, 10, 14, 32]
new stats: [73, 1629650, 'Moses', 'Brown', 1610612739, 'CLE', 22, 28, 1, 182, 32, 57, '0.561', 0, 0, '0.000', 27, 43, '0.628', 91, 16, 47, 63, 1, 5, 10, 14, 32]
sql cmd: UPDATE player_stats_2122
                                    SET team_abbr = CLE
                                    WHERE player_id = 73;
                                    
None
no such column: CLE

Issue with row 72 at 17/03/2022, 12:13:37. Check code in row 199 of update.py
column: team_abbr, db record: DAL, up to date record: CLE
player: Moses Brown
old stats: [73, 1629650, 'Moses', 'Brown', 1610612739, 'DAL', 22, 28, 1, 182, 32, 57, '0.561', 0, 0, '0.000', 27, 43, '0.628', 91, 16, 47, 63, 1, 5, 10, 14, 32]
new stats: [73, 1629650, 'Moses', 'Brown', 1610612739, 'CLE', 22, 28, 1, 182, 32, 57, '0.561', 0, 0, '0.000', 27, 43, '0.628', 91, 16, 47, 63, 1, 5, 10, 14, 32]
sql cmd: UPDATE player_stats_2122
                                    SET team_abbr = CLE
                                    WHERE player_id = 73;
                                    
no such column: CLE

Issue with row 72 at 17/03/2022, 12:14:18. Check code in row 199 of update.py
column: team_abbr, db record: DAL, up to date record: CLE
player: Moses Brown
old stats: [73, 1629650, 'Moses', 'Brown', 1610612739, 'DAL', 22, 28, 1, 182, 32, 57, '0.561', 0, 0, '0.000', 27, 43, '0.628', 91, 16, 47, 63, 1, 5, 10, 14, 32]
new stats: [73, 1629650, 'Moses', 'Brown', 1610612739, 'CLE', 22, 28, 1, 182, 32, 57, '0.561', 0, 0, '0.000', 27, 43, '0.628', 91, 16, 47, 63, 1, 5, 10, 14, 32]
sql cmd: UPDATE player_stats_2122
                                    SET team_abbr = CLE
                                    WHERE player_id = 73;
                                    
None
no such column: CLE

